Random Forest accuracy 0.9672131147540983
Random Forest precision 0.9661016949152542
Random Forest f1 score 0.9661016949152542

Iteration 1
accuracy 0.21311475409836064
precision 1.0
f1 score 0.611764705882353

Iteration 2
accuracy 0.3524590163934426
precision 1.0
f1 score 0.8431372549019608

Iteration 3
accuracy 0.4426229508196721
precision 1.0
f1 score 0.9557522123893806

Iteration 4
accuracy 0.48360655737704916
precision 1.0
f1 score 1.0

Iteration 5
accuracy 0.48360655737704916
precision 1.0
f1 score 1.0

Iteration 6
accuracy 0.48360655737704916
precision 1.0
f1 score 1.0